<?xml version="1.0" encoding="UTF-8"?>
<testng-results ignored="0" total="1" passed="0" failed="1" skipped="0">
  <reporter-output>
  </reporter-output>
  <suite started-at="2024-11-16T18:08:47 IST" name="Default suite" finished-at="2024-11-16T18:08:49 IST" duration-ms="2102">
    <groups>
    </groups>
    <test started-at="2024-11-16T18:08:47 IST" name="Default test" finished-at="2024-11-16T18:08:49 IST" duration-ms="2102">
      <class name="testScripts.GooglePageTest">
        <test-method signature="searchJavaTest()[pri:0, instance:testScripts.GooglePageTest@74f0ea28]" started-at="2024-11-16T18:08:47 IST" name="searchJavaTest" finished-at="2024-11-16T18:08:49 IST" duration-ms="2061" status="FAIL">
          <exception class="org.openqa.selenium.SessionNotCreatedException">
            <message>
              <![CDATA[session not created: This version of ChromeDriver only supports Chrome version 129
Current browser version is 131.0.6778.69 with binary path C:\Program Files\Google\Chrome\Application\chrome.exe
Build info: version: '3.141.59', revision: 'e82be7d358', time: '2018-11-14T08:17:03'
System info: host: 'LAPTOP-TS4F12BN', ip: '192.168.111.60', os.name: 'Windows 11', os.arch: 'amd64', os.version: '10.0', java.version: '20'
Driver info: driver.version: ChromeDriver
remote stacktrace: GetHandleVerifier [0x00007FF7A68EB645+29573]
(No symbol) [0x00007FF7A6860470]
(No symbol) [0x00007FF7A671B6EA]
(No symbol) [0x00007FF7A675DF67]
(No symbol) [0x00007FF7A675CFFB]
(No symbol) [0x00007FF7A6757B1E]
(No symbol) [0x00007FF7A675268E]
(No symbol) [0x00007FF7A67A30F0]
(No symbol) [0x00007FF7A67A2780]
(No symbol) [0x00007FF7A67970A3]
(No symbol) [0x00007FF7A67612DF]
(No symbol) [0x00007FF7A6762441]
GetHandleVerifier [0x00007FF7A6C1C58D+3375821]
GetHandleVerifier [0x00007FF7A6C67987+3684039]
GetHandleVerifier [0x00007FF7A6C5CDAB+3640043]
GetHandleVerifier [0x00007FF7A69AB7C6+816390]
(No symbol) [0x00007FF7A686B77F]
(No symbol) [0x00007FF7A68675A4]
(No symbol) [0x00007FF7A6867740]
(No symbol) [0x00007FF7A685659F]
BaseThreadInitThunk [0x00007FFA1343259D+29]
RtlUserThreadStart [0x00007FFA1416AF38+40]
]]>
            </message>
            <full-stacktrace>
              <![CDATA[org.openqa.selenium.SessionNotCreatedException: session not created: This version of ChromeDriver only supports Chrome version 129
Current browser version is 131.0.6778.69 with binary path C:\Program Files\Google\Chrome\Application\chrome.exe
Build info: version: '3.141.59', revision: 'e82be7d358', time: '2018-11-14T08:17:03'
System info: host: 'LAPTOP-TS4F12BN', ip: '192.168.111.60', os.name: 'Windows 11', os.arch: 'amd64', os.version: '10.0', java.version: '20'
Driver info: driver.version: ChromeDriver
remote stacktrace: GetHandleVerifier [0x00007FF7A68EB645+29573]
(No symbol) [0x00007FF7A6860470]
(No symbol) [0x00007FF7A671B6EA]
(No symbol) [0x00007FF7A675DF67]
(No symbol) [0x00007FF7A675CFFB]
(No symbol) [0x00007FF7A6757B1E]
(No symbol) [0x00007FF7A675268E]
(No symbol) [0x00007FF7A67A30F0]
(No symbol) [0x00007FF7A67A2780]
(No symbol) [0x00007FF7A67970A3]
(No symbol) [0x00007FF7A67612DF]
(No symbol) [0x00007FF7A6762441]
GetHandleVerifier [0x00007FF7A6C1C58D+3375821]
GetHandleVerifier [0x00007FF7A6C67987+3684039]
GetHandleVerifier [0x00007FF7A6C5CDAB+3640043]
GetHandleVerifier [0x00007FF7A69AB7C6+816390]
(No symbol) [0x00007FF7A686B77F]
(No symbol) [0x00007FF7A68675A4]
(No symbol) [0x00007FF7A6867740]
(No symbol) [0x00007FF7A685659F]
BaseThreadInitThunk [0x00007FFA1343259D+29]
RtlUserThreadStart [0x00007FFA1416AF38+40]

at java.base/jdk.internal.reflect.DirectConstructorHandleAccessor.newInstance(DirectConstructorHandleAccessor.java:67)
at java.base/java.lang.reflect.Constructor.newInstanceWithCaller(Constructor.java:500)
at java.base/java.lang.reflect.Constructor.newInstance(Constructor.java:484)
at org.openqa.selenium.remote.W3CHandshakeResponse.lambda$errorHandler$0(W3CHandshakeResponse.java:62)
at org.openqa.selenium.remote.HandshakeResponse.lambda$getResponseFunction$0(HandshakeResponse.java:30)
at org.openqa.selenium.remote.ProtocolHandshake.lambda$createSession$0(ProtocolHandshake.java:126)
at java.base/java.util.stream.ReferencePipeline$3$1.accept(ReferencePipeline.java:197)
at java.base/java.util.Spliterators$ArraySpliterator.tryAdvance(Spliterators.java:1016)
at java.base/java.util.stream.ReferencePipeline.forEachWithCancel(ReferencePipeline.java:129)
at java.base/java.util.stream.AbstractPipeline.copyIntoWithCancel(AbstractPipeline.java:527)
at java.base/java.util.stream.AbstractPipeline.copyInto(AbstractPipeline.java:513)
at java.base/java.util.stream.AbstractPipeline.wrapAndCopyInto(AbstractPipeline.java:499)
at java.base/java.util.stream.FindOps$FindOp.evaluateSequential(FindOps.java:150)
at java.base/java.util.stream.AbstractPipeline.evaluate(AbstractPipeline.java:234)
at java.base/java.util.stream.ReferencePipeline.findFirst(ReferencePipeline.java:647)
at org.openqa.selenium.remote.ProtocolHandshake.createSession(ProtocolHandshake.java:128)
at org.openqa.selenium.remote.ProtocolHandshake.createSession(ProtocolHandshake.java:74)
at org.openqa.selenium.remote.HttpCommandExecutor.execute(HttpCommandExecutor.java:136)
at org.openqa.selenium.remote.service.DriverCommandExecutor.execute(DriverCommandExecutor.java:83)
at org.openqa.selenium.remote.RemoteWebDriver.execute(RemoteWebDriver.java:552)
at org.openqa.selenium.remote.RemoteWebDriver.startSession(RemoteWebDriver.java:213)
at org.openqa.selenium.remote.RemoteWebDriver.<init>(RemoteWebDriver.java:131)
at org.openqa.selenium.chrome.ChromeDriver.<init>(ChromeDriver.java:181)
at org.openqa.selenium.chrome.ChromeDriver.<init>(ChromeDriver.java:168)
at org.openqa.selenium.chrome.ChromeDriver.<init>(ChromeDriver.java:123)
at testScripts.GooglePageTest.searchJavaTest(GooglePageTest.java:14)
at java.base/jdk.internal.reflect.DirectMethodHandleAccessor.invoke(DirectMethodHandleAccessor.java:104)
at java.base/java.lang.reflect.Method.invoke(Method.java:578)
at org.testng.internal.invokers.MethodInvocationHelper.invokeMethod(MethodInvocationHelper.java:141)
at org.testng.internal.invokers.TestInvoker.invokeMethod(TestInvoker.java:686)
at org.testng.internal.invokers.TestInvoker.invokeTestMethod(TestInvoker.java:230)
at org.testng.internal.invokers.MethodRunner.runInSequence(MethodRunner.java:63)
at org.testng.internal.invokers.TestInvoker$MethodInvocationAgent.invoke(TestInvoker.java:992)
at org.testng.internal.invokers.TestInvoker.invokeTestMethods(TestInvoker.java:203)
at org.testng.internal.invokers.TestMethodWorker.invokeTestMethods(TestMethodWorker.java:154)
at org.testng.internal.invokers.TestMethodWorker.run(TestMethodWorker.java:134)
at java.base/java.util.ArrayList.forEach(ArrayList.java:1511)
at org.testng.TestRunner.privateRun(TestRunner.java:739)
at org.testng.TestRunner.run(TestRunner.java:614)
at org.testng.SuiteRunner.runTest(SuiteRunner.java:421)
at org.testng.SuiteRunner.runSequentially(SuiteRunner.java:413)
at org.testng.SuiteRunner.privateRun(SuiteRunner.java:373)
at org.testng.SuiteRunner.run(SuiteRunner.java:312)
at org.testng.SuiteRunnerWorker.runSuite(SuiteRunnerWorker.java:52)
at org.testng.SuiteRunnerWorker.run(SuiteRunnerWorker.java:95)
at org.testng.TestNG.runSuitesSequentially(TestNG.java:1274)
at org.testng.TestNG.runSuitesLocally(TestNG.java:1208)
at org.testng.TestNG.runSuites(TestNG.java:1112)
at org.testng.TestNG.run(TestNG.java:1079)
at org.testng.remote.AbstractRemoteTestNG.run(AbstractRemoteTestNG.java:115)
at org.testng.remote.RemoteTestNG.initAndRun(RemoteTestNG.java:293)
at org.testng.remote.RemoteTestNG.main(RemoteTestNG.java:91)
]]>
            </full-stacktrace>
          </exception> <!-- org.openqa.selenium.SessionNotCreatedException -->
          <reporter-output>
          </reporter-output>
        </test-method> <!-- searchJavaTest -->
      </class> <!-- testScripts.GooglePageTest -->
    </test> <!-- Default test -->
  </suite> <!-- Default suite -->
</testng-results>
